#
# There is insufficient memory for the Java Runtime Environment to continue.
# Native memory allocation (mmap) failed to map 268435456 bytes for Failed to commit area from 0x0000000701e00000 to 0x0000000711e00000 of length 268435456.
# Possible reasons:
#   The system is out of physical RAM or swap space
#   The process is running with CompressedOops enabled, and the Java Heap may be blocking the growth of the native heap
# Possible solutions:
#   Reduce memory load on the system
#   Increase physical memory or swap space
#   Check if swap backing store is full
#   Decrease Java heap size (-Xmx/-Xms)
#   Decrease number of Java threads
#   Decrease Java thread stack sizes (-Xss)
#   Set larger code cache with -XX:ReservedCodeCacheSize=
#   JVM is running with Zero Based Compressed Oops mode in which the Java heap is
#     placed in the first 32GB address space. The Java Heap base address is the
#     maximum limit for the native heap growth. Please use -XX:HeapBaseMinAddress
#     to set the Java Heap base and to place the Java Heap above 32GB virtual address.
# This output file may be truncated or incomplete.
#
#  Out of Memory Error (./open/src/hotspot/os/windows/os_windows.cpp:3315), pid=29736, tid=14104
#
# JRE version:  (14.0.2+12) (build )
# Java VM: Java HotSpot(TM) 64-Bit Server VM (14.0.2+12-46, mixed mode, sharing, tiered, compressed oops, g1 gc, windows-amd64)
# No core dump will be written. Minidumps are not enabled by default on client versions of Windows
#

---------------  S U M M A R Y ------------

Command Line: -Dfile.encoding=Cp1250 -XX:+ShowCodeDetailsInExceptionMessages samochod.samochod

Host: Intel(R) Core(TM) i7-7700HQ CPU @ 2.80GHz, 8 cores, 15G,  Windows 10 , 64 bit Build 22000 (10.0.22000.120)
Time: Wed Sep 29 23:15:02 2021 Œrodkowoeuropejski czas letni elapsed time: 0 seconds (0d 0h 0m 0s)

---------------  T H R E A D  ---------------

Current thread (0x000001bf391cd000):  JavaThread "Unknown thread" [_thread_in_vm, id=14104, stack(0x0000005b86d00000,0x0000005b86e00000)]

Stack: [0x0000005b86d00000,0x0000005b86e00000]
Native frames: (J=compiled Java code, j=interpreted, Vv=VM code, C=native code)
V  [jvm.dll+0x5f8a9a]
V  [jvm.dll+0x74247a]
V  [jvm.dll+0x743c2f]
V  [jvm.dll+0x744273]
V  [jvm.dll+0x20d288]
V  [jvm.dll+0x5f5dea]
V  [jvm.dll+0x5eac45]
V  [jvm.dll+0x2c7e9c]
V  [jvm.dll+0x2c7cd2]
V  [jvm.dll+0x2cdbbc]
V  [jvm.dll+0x313fe8]
V  [jvm.dll+0x313710]
V  [jvm.dll+0x2a092a]
V  [jvm.dll+0x2a1a79]
V  [jvm.dll+0x71fd48]
V  [jvm.dll+0x321c14]
V  [jvm.dll+0x70112c]
V  [jvm.dll+0x392def]
V  [jvm.dll+0x394e61]
C  [jli.dll+0x524b]
C  [ucrtbase.dll+0x26c0c]
C  [KERNEL32.DLL+0x154e0]
C  [ntdll.dll+0x485b]


---------------  P R O C E S S  ---------------

Threads class SMR info:
_java_thread_list=0x00007ffde30a3038, length=0, elements={
}

Java Threads: ( => current thread )

Other Threads:
  0x000001bf39234800 GCTaskThread "GC Thread#0" [stack: 0x0000005b86e00000,0x0000005b86f00000] [id=27156]
  0x000001bf39256800 ConcurrentGCThread "G1 Main Marker" [stack: 0x0000005b86f00000,0x0000005b87000000] [id=25896]
  0x000001bf39258000 ConcurrentGCThread "G1 Conc#0" [stack: 0x0000005b87000000,0x0000005b87100000] [id=29224]

[error occurred during error reporting (printing all threads), id 0xc0000005, EXCEPTION_ACCESS_VIOLATION (0xc0000005) at pc=0x00007ffde28d1257]

VM state:not at safepoint (not fully initialized)

VM Mutex/Monitor currently owned by a thread:  ([mutex/lock_event])
[0x000001bf391c7c50] Heap_lock - owner thread: 0x000001bf391cd000

Heap address: 0x0000000701e00000, size: 4066 MB, Compressed Oops mode: Zero based, Oop shift amount: 3
Narrow klass base: 0x0000000000000000, Narrow klass shift: 0

GC Heap History (0 events):
No events

Deoptimization events (0 events):
No events

Classes unloaded (0 events):
No events

Classes redefined (0 events):
No events

Internal exceptions (0 events):
No events

Events (2 events):
Event: 0.009 Loaded shared library C:\Program Files\Java\jdk-14.0.2\bin\java.dll
Event: 0.010 Loaded shared library C:\Program Files\Java\jdk-14.0.2\bin\zip.dll


Dynamic libraries:
0x00007ff744500000 - 0x00007ff74450f000 	C:\Program Files\Java\jdk-14.0.2\bin\javaw.exe
0x00007ffe6fbc0000 - 0x00007ffe6fdc7000 	C:\WINDOWS\SYSTEM32\ntdll.dll
0x00007ffe6efd0000 - 0x00007ffe6f08d000 	C:\WINDOWS\System32\KERNEL32.DLL
0x00007ffe6d6d0000 - 0x00007ffe6da44000 	C:\WINDOWS\System32\KERNELBASE.dll
0x00007ffe69fd0000 - 0x00007ffe6a061000 	C:\WINDOWS\SYSTEM32\apphelp.dll
0x00007ffe6d350000 - 0x00007ffe6d461000 	C:\WINDOWS\System32\ucrtbase.dll
0x00007ffe4f030000 - 0x00007ffe4f045000 	C:\Program Files\Java\jdk-14.0.2\bin\VCRUNTIME140.dll
0x00007ffe3d830000 - 0x00007ffe3d848000 	C:\Program Files\Java\jdk-14.0.2\bin\jli.dll
0x00007ffe6e680000 - 0x00007ffe6e72c000 	C:\WINDOWS\System32\ADVAPI32.dll
0x00007ffe6f680000 - 0x00007ffe6f723000 	C:\WINDOWS\System32\msvcrt.dll
0x00007ffe6e850000 - 0x00007ffe6e8ed000 	C:\WINDOWS\System32\sechost.dll
0x00007ffe6e8f0000 - 0x00007ffe6ea11000 	C:\WINDOWS\System32\RPCRT4.dll
0x00007ffe6ea80000 - 0x00007ffe6ec2c000 	C:\WINDOWS\System32\USER32.dll
0x00007ffe566a0000 - 0x00007ffe56945000 	C:\WINDOWS\WinSxS\amd64_microsoft.windows.common-controls_6595b64144ccf1df_6.0.22000.120_none_9d947278b86cc467\COMCTL32.dll
0x00007ffe6d470000 - 0x00007ffe6d496000 	C:\WINDOWS\System32\win32u.dll
0x00007ffe6f090000 - 0x00007ffe6f0b9000 	C:\WINDOWS\System32\GDI32.dll
0x00007ffe6d230000 - 0x00007ffe6d342000 	C:\WINDOWS\System32\gdi32full.dll
0x00007ffe6d0a0000 - 0x00007ffe6d13d000 	C:\WINDOWS\System32\msvcp_win.dll
0x00007ffe64940000 - 0x00007ffe6494a000 	C:\WINDOWS\SYSTEM32\VERSION.dll
0x00007ffe6f730000 - 0x00007ffe6f761000 	C:\WINDOWS\System32\IMM32.DLL
0x00007ffe22c10000 - 0x00007ffe22cab000 	C:\Program Files\Java\jdk-14.0.2\bin\msvcp140.dll
0x00007ffde2620000 - 0x00007ffde313e000 	C:\Program Files\Java\jdk-14.0.2\bin\server\jvm.dll
0x00007ffe6da50000 - 0x00007ffe6da58000 	C:\WINDOWS\System32\PSAPI.DLL
0x00007ffe4b150000 - 0x00007ffe4b159000 	C:\WINDOWS\SYSTEM32\WSOCK32.dll
0x00007ffe667c0000 - 0x00007ffe667f3000 	C:\WINDOWS\SYSTEM32\WINMM.dll
0x00007ffe6ec30000 - 0x00007ffe6ec9f000 	C:\WINDOWS\System32\WS2_32.dll
0x00007ffe6c1d0000 - 0x00007ffe6c1e8000 	C:\WINDOWS\SYSTEM32\kernel.appcore.dll
0x00007ffe69310000 - 0x00007ffe6931a000 	C:\Program Files\Java\jdk-14.0.2\bin\jimage.dll
0x00007ffe6ac30000 - 0x00007ffe6ae51000 	C:\WINDOWS\SYSTEM32\DBGHELP.DLL
0x00007ffe4b310000 - 0x00007ffe4b341000 	C:\WINDOWS\SYSTEM32\dbgcore.DLL
0x00007ffe6d1b0000 - 0x00007ffe6d230000 	C:\WINDOWS\System32\bcryptPrimitives.dll
0x00007ffe526b0000 - 0x00007ffe526d5000 	C:\Program Files\Java\jdk-14.0.2\bin\java.dll
0x00007ffe521b0000 - 0x00007ffe521c6000 	C:\Program Files\Java\jdk-14.0.2\bin\zip.dll

dbghelp: loaded successfully - version: 4.0.5 - missing functions: none
symbol engine: initialized successfully - sym options: 0x614 - pdb path: .;C:\Program Files\Java\jdk-14.0.2\bin;C:\WINDOWS\SYSTEM32;C:\WINDOWS\WinSxS\amd64_microsoft.windows.common-controls_6595b64144ccf1df_6.0.22000.120_none_9d947278b86cc467;C:\Program Files\Java\jdk-14.0.2\bin\server

VM Arguments:
jvm_args: -Dfile.encoding=Cp1250 -XX:+ShowCodeDetailsInExceptionMessages 
java_command: samochod.samochod
java_class_path (initial): C:\Users\nikod\Desktop\Java eclipse\bin
Launcher Type: SUN_STANDARD

[Global flags]
     intx CICompilerCount                          = 4                                         {product} {ergonomic}
     uint ConcGCThreads                            = 2                                         {product} {ergonomic}
     uint G1ConcRefinementThreads                  = 8                                         {product} {ergonomic}
   size_t G1HeapRegionSize                         = 1048576                                   {product} {ergonomic}
    uintx GCDrainStackTargetSize                   = 64                                        {product} {ergonomic}
   size_t InitialHeapSize                          = 268435456                                 {product} {ergonomic}
   size_t MarkStackSize                            = 4194304                                   {product} {ergonomic}
   size_t MaxHeapSize                              = 4263510016                                {product} {ergonomic}
   size_t MinHeapDeltaBytes                        = 1048576                                   {product} {ergonomic}
   size_t MinHeapSize                              = 8388608                                   {product} {ergonomic}
    uintx NonNMethodCodeHeapSize                   = 5839372                                {pd product} {ergonomic}
    uintx NonProfiledCodeHeapSize                  = 122909434                              {pd product} {ergonomic}
    uintx ProfiledCodeHeapSize                     = 122909434                              {pd product} {ergonomic}
    uintx ReservedCodeCacheSize                    = 251658240                              {pd product} {ergonomic}
     bool SegmentedCodeCache                       = true                                      {product} {ergonomic}
     bool ShowCodeDetailsInExceptionMessages       = true                                   {manageable} {command line}
   size_t SoftMaxHeapSize                          = 4263510016                             {manageable} {ergonomic}
     bool UseCompressedClassPointers               = true                                 {lp64_product} {ergonomic}
     bool UseCompressedOops                        = true                                 {lp64_product} {ergonomic}
     bool UseG1GC                                  = true                                      {product} {ergonomic}
     bool UseLargePagesIndividualAllocation        = false                                  {pd product} {ergonomic}

Logging:
Log output configuration:
 #0: stdout all=warning uptime,level,tags
 #1: stderr all=off uptime,level,tags

Environment Variables:
PATH=C:/Program Files/Java/jdk-14.0.2/bin/server;C:/Program Files/Java/jdk-14.0.2/bin;C:\Windows\system32;C:\Windows;C:\Windows\System32\Wbem;C:\Windows\System32\WindowsPowerShell\v1.0\;C:\Windows\System32\OpenSSH\;C:\Program Files (x86)\NVIDIA Corporation\PhysX\Common;C:\Program Files\Microsoft SQL Server\130\Tools\Binn\;C:\WINDOWS\system32;C:\WINDOWS;C:\WINDOWS\System32\Wbem;C:\WINDOWS\System32\WindowsPowerShell\v1.0\;C:\WINDOWS\System32\OpenSSH\;C:\Program Files\PuTTY\;C:\Program Files\NVIDIA Corporation\NVIDIA NvDLISR;C:\Program Files\Git\cmd;C:\WINDOWS\system32;C:\WINDOWS;C:\WINDOWS\System32\Wbem;C:\WINDOWS\System32\WindowsPowerShell\v1.0\;C:\WINDOWS\System32\OpenSSH\;C:\Users\nikod\AppData\Local\Programs\Python\Python38\Scripts\;C:\Users\nikod\AppData\Local\Programs\Python\Python38\;C:\Users\nikod\AppData\Local\Microsoft\WindowsApps;C:\Users\nikod\AppData\Local\Microsoft\WindowsApps;D:\Microsoft VS Code\bin;C:\Users\nikod\AppData\Local\GitHubDesktop\bin;;C:\WINDOWS\system32;
USERNAME=nikod
OS=Windows_NT
PROCESSOR_IDENTIFIER=Intel64 Family 6 Model 158 Stepping 9, GenuineIntel



---------------  S Y S T E M  ---------------

OS: Windows 10 , 64 bit Build 22000 (10.0.22000.120)
OS uptime: 0 days 6:02 hours

CPU:total 8 (initial active 8) (4 cores per cpu, 2 threads per core) family 6 model 158 stepping 9, cmov, cx8, fxsr, mmx, sse, sse2, sse3, ssse3, sse4.1, sse4.2, popcnt, avx, avx2, aes, clmul, erms, 3dnowpref, lzcnt, ht, tsc, tscinvbit, bmi1, bmi2, adx, fma

Memory: 4k page, system-wide physical 16263M (5382M free)
TotalPageFile size 30387M (AvailPageFile size 170M)
current process WorkingSet (physical memory assigned to process): 11M, peak: 11M
current process commit charge ("private bytes"): 61M, peak: 317M

vm_info: Java HotSpot(TM) 64-Bit Server VM (14.0.2+12-46) for windows-amd64 JRE (14.0.2+12-46), built on Jul  9 2020 00:35:52 by "mach5one" with MS VC++ 15.9 (VS2017)

END.
